Determining if the pthread_create exist failed with the following output:
Change Dir: /home/csmajs/ksiva001/assignment-zaddy/CMakeFiles/CMakeTmp

Run Build Command:"/usr/bin/gmake" "cmTC_64352/fast"
/usr/bin/gmake -f CMakeFiles/cmTC_64352.dir/build.make CMakeFiles/cmTC_64352.dir/build
gmake[1]: Entering directory `/home/csmajs/ksiva001/assignment-zaddy/CMakeFiles/CMakeTmp'
Building C object CMakeFiles/cmTC_64352.dir/CheckSymbolExists.c.o
/usr/bin/cc    -o CMakeFiles/cmTC_64352.dir/CheckSymbolExists.c.o   -c /home/csmajs/ksiva001/assignment-zaddy/CMakeFiles/CMakeTmp/CheckSymbolExists.c
Linking C executable cmTC_64352
/usr/bin/cmake3 -E cmake_link_script CMakeFiles/cmTC_64352.dir/link.txt --verbose=1
/usr/bin/cc      -rdynamic CMakeFiles/cmTC_64352.dir/CheckSymbolExists.c.o  -o cmTC_64352 
CMakeFiles/cmTC_64352.dir/CheckSymbolExists.c.o: In function `main':
CheckSymbolExists.c:(.text+0x16): undefined reference to `pthread_create'
collect2: error: ld returned 1 exit status
gmake[1]: *** [cmTC_64352] Error 1
gmake[1]: Leaving directory `/home/csmajs/ksiva001/assignment-zaddy/CMakeFiles/CMakeTmp'
gmake: *** [cmTC_64352/fast] Error 2

File /home/csmajs/ksiva001/assignment-zaddy/CMakeFiles/CMakeTmp/CheckSymbolExists.c:
/* */
#include <pthread.h>

int main(int argc, char** argv)
{
  (void)argv;
#ifndef pthread_create
  return ((int*)(&pthread_create))[argc];
#else
  (void)argc;
  return 0;
#endif
}

Determining if the function pthread_create exists in the pthreads failed with the following output:
Change Dir: /home/csmajs/ksiva001/assignment-zaddy/CMakeFiles/CMakeTmp

Run Build Command:"/usr/bin/gmake" "cmTC_ab7bc/fast"
/usr/bin/gmake -f CMakeFiles/cmTC_ab7bc.dir/build.make CMakeFiles/cmTC_ab7bc.dir/build
gmake[1]: Entering directory `/home/csmajs/ksiva001/assignment-zaddy/CMakeFiles/CMakeTmp'
Building C object CMakeFiles/cmTC_ab7bc.dir/CheckFunctionExists.c.o
/usr/bin/cc   -DCHECK_FUNCTION_EXISTS=pthread_create   -o CMakeFiles/cmTC_ab7bc.dir/CheckFunctionExists.c.o   -c /usr/share/cmake3/Modules/CheckFunctionExists.c
Linking C executable cmTC_ab7bc
/usr/bin/cmake3 -E cmake_link_script CMakeFiles/cmTC_ab7bc.dir/link.txt --verbose=1
/usr/bin/cc  -DCHECK_FUNCTION_EXISTS=pthread_create    -rdynamic CMakeFiles/cmTC_ab7bc.dir/CheckFunctionExists.c.o  -o cmTC_ab7bc -lpthreads 
/usr/bin/ld: cannot find -lpthreads
collect2: error: ld returned 1 exit status
gmake[1]: *** [cmTC_ab7bc] Error 1
gmake[1]: Leaving directory `/home/csmajs/ksiva001/assignment-zaddy/CMakeFiles/CMakeTmp'
gmake: *** [cmTC_ab7bc/fast] Error 2


